Reduced Inequalities:
A0B0C0 +A0B0 +A0C0 -B0C0 +A0 -B0 -C0 <= 1
2A0B0C0 +A0B0C1 +A0B1C1 +A1B0C1 -2A1B1C0 +A1B1C1 +A0B0 -A0B1 -A1B0 +A1B1 <= 4
2A0B0C0 +2A0B0C1 +A0B1C0 +A1B0C0 -2A1B1C0 +A1B1C1 +A0B1 +A1B0 -A1B1 +A0C0 +A1C0 -A1C1 -B0C0 -B1C0 +B1C1 +A0 -B0 -2C0 +C1 <= 5
2A0B0C0 +2A0B0C1 +A0B1C0 -A0B1C1 +A1B1C0 -A1B1C1 +A0C0 -A0C1 -A1C0 +A1C1 <= 4
A0B0C0 +A0B0C1 +A0B1C0 +A1B0C1 -A1B1C1 +A0B1 +A1B0 -A1B1 +A0C1 +B0C0 +B1C0 -B1C1 -A0 -B0 -C1 <= 3
A0B0C0 +A0B0C1 +A0B1C0 -A0B1C1 +B0C0 +B0C1 +B1C0 -B1C1 -2A0 <= 2
2A0B0C0 +A0B0C1 +A0B1C0 -2A0B1C1 +2A1B0C1 +A1B1C0 +A0B0 -A0B1 +A1B1 +A0C0 +A0C1 -A1C0 -B0C1 +A1 -B0 -C1 <= 5
A0B0C0 +A0B0C1 +A0B1C0 +A1B0C0 -A1B1C1 +A0B1 +A1B0 -A1B1 +A0C1 +A1C0 -A1C1 +B0C1 +B1C0 -B1C1 -A0 -B0 -C0 <= 3
2A0B0C0 +2A0B0C1 +A1B1C0 -A1B1C1 +A1C0 -A1C1 +B1C0 -B1C1 -C0 +C1 <= 4
A0B0C0 +A0B1C1 +A1B0C1 -A1B1C0 <= 2
3A0B0C0 +2A0B0C1 +2A0B1C0 -A0B1C1 +A1B0C1 +A1B1C0 -2A1B1C1 +A0B0 -A0B1 -A1B0 +A1B1 +A0C0 -A0C1 -A1C0 +A1C1 +B0C0 +B0C1 +B1C0 -B1C1 -2A0 <= 6
2A0B0C0 +2A0B0C1 +2A0B1C0 -A0B1C1 +A1B0C1 -2A1B1C1 +A0B1 +A1B0 +2A0C0 -A0C1 -2A1C0 +A1C1 -B0C1 +B1C1 +A0 +A1 -B0 -B1 <= 6
2A0B0C0 +2A0B1C1 +2A1B0C1 -A1B1C0 +2A0B0 -A1B1 +2A0C1 -A1C0 -2B0C1 +B1C0 +A1 -B1 -C0 <= 5
2A0B0C0 +2A0B0C1 +A0B1C0 +A1B0C1 +A1B1C0 -2A1B1C1 +A0B1 +A1B0 -A1B1 +A0C0 -A1C0 +A1C1 -B0C1 +A0 -B0 -C1 <= 5
2A0B0C0 +2A0B0C1 +2A0B1C0 -A0B1C1 +A1B0C0 -2A1B1C0 +A0B1 +A1B0 +2A0C0 -A0C1 +A1C0 -2A1C1 -B0C0 +B1C1 +A0 +A1 -B0 -B1 -C0 +C1 <= 6
2A0B0C0 +A0B0C1 +A0B1C0 -A0B1C1 +A1B0C1 +A1B1C0 -A1B1C1 +A0B0 -A1B0 +A0C0 -A1C0 -A0 +A1 <= 4
2A0B0C0 +A0B0C1 +A0B1C0 +A1B0C0 -A1B0C1 -A1B1C0 +A1B1C1 +A0B0 +A0B1 +A0C0 +A0C1 +B0C0 -B1C1 -B0 -B1 -C0 -C1 <= 4
2A0B0C0 +A0B0C1 +A0B1C0 -A0B1C1 +A1B0C0 -A1B0C1 -A1B1C0 +A0B0 -A1B1 +A0C0 -A1C1 +B0C0 -B1C1 -A0 -A1 -B0 -B1 -C0 -C1 <= 4
A0B0C0 +A0B0C1 +A0B1C0 +A1B0C0 -A1B0C1 -A1B1C0 +A0B1 +A1B1 +A0C1 +A1C1 +2B0C0 -2B1C1 -A0 -A1 <= 4
A0B0C0 +A0B0C1 +A0B1C0 +A0B1C1 +A1B0C0 -A1B1C0 +A1B0 -A1B1 +2A1C0 -2A1C1 +B0C1 -B1C1 -B0 +B1 <= 4
A0B0C0 +A0B1C1 +A1B0C1 +A1B1C0 +A0B0 +A0B1 -A1B0 -A1B1 +A0C0 -A0C1 +A1C0 -A1C1 +B0C0 +B0C1 -B1C0 -B1C1 <= 4
A0B0C0 +A0B0C1 +A1B1C0 +A1B1C1 +2A0B1 -2A1B0 +A0C0 -A0C1 +A1C0 -A1C1 +B0C0 -B0C1 -B1C0 +B1C1 <= 4
A0B0C0 +A0B0C1 +A1B1C0 -A1B1C1 <= 2
A0B0C0 +A0B0C1 +A0B1C0 +A0B1C1 +2A1B0 -2A1B1 +2A1C0 -2A1C1 -B0C0 +B0C1 +B1C0 -B1C1 <= 4
A0B0C0 +A0B0C1 +A0B1C0 +A0B1C1 +2A1B0 -2A1B1 +B0C0 -B0C1 +B1C0 -B1C1 <= 4
4A0B0C0 +A0B0C1 +A0B1C0 -2A0B1C1 +A1B0C0 -3A1B0C1 -3A1B1C0 +A1B1C1 +A0B0 +A0B1 +2A1B0 +A0C0 +A0C1 +2A1C0 -B0C0 +B1C1 -B0 +B1 -C0 +C1 <= 8
4A0B0C0 +3A0B0C1 +A0B1C0 +A1B0C0 -2A1B0C1 -2A1B1C0 +3A1B1C1 +A0B0 +A0B1 -A1B0 +A1B1 +A0C0 +A0C1 +A1C0 -A1C1 +B0C0 -B0C1 +B1C0 -B1C1 -2B0 -2C1 <= 8
4A0B0C0 +3A0B0C1 +A0B1C0 -A0B1C1 +A1B0C0 -A1B0C1 -2A1B1C0 +2A1B1C1 +A0B0 +A0C0 +A1C0 -A1C1 +B0C0 +B1C0 -B1C1 -A0 -B0 -C1 <= 7
3A0B0C0 +A0B0C1 +A0B1C0 -2A0B1C1 +A1B0C0 -2A1B0C1 -2A1B1C0 +A0B1 +A1B0 +A0C1 +A1C0 +B0C1 +B1C0 -A0 +A1 -B0 +B1 -C0 +C1 <= 6
3A0B0C0 +A0B0C1 +A0B1C0 -2A0B1C1 +2A1B0C1 +2A1B1C0 -A1B1C1 +A0B1 -A1B1 +A0C1 -A1C1 +B0C0 +B0C1 +B1C0 -B1C1 -A0 -A1 <= 6
3A0B0C0 +2A0B0C1 +A0B1C0 +A1B0C0 -A1B0C1 -2A1B1C0 +2A1B1C1 +A0B0 +A0B1 +A1C0 -A1C1 -B0C1 +B1C0 -B0 +B1 -C0 -C1 <= 6
3A0B0C0 +A0B0C1 +A0B1C0 -A0B1C1 +A1B0C0 -A1B0C1 -A1B1C0 +A1B1C1 <= 4
2A0B0C0 +2A0B0C1 +2A0B1C0 -A0B1C1 +A1B0C0 +A1B0C1 +A1B1C0 -2A1B1C1 +2A0B0 -A0B1 -2A1B0 +A1B1 +A0C1 -A1C1 -B0C0 -B0C1 -B1C0 +B1C1 +A0 +A1 <= 6
2A0B0C0 +2A0B0C1 +2A0B1C0 -A0B1C1 +A1B0C0 +A1B0C1 -2A1B1C0 +A1B1C1 +A0B1 -A1B1 +2A0C0 -A0C1 +A1C0 -2A1C1 -B0C0 -B0C1 +A0 +A1 -C0 +C1 <= 6
2A0B0C0 +A0B0C1 +A0B1C0 -2A0B1C1 +A1B0C0 -2A1B0C1 -2A1B1C0 -A1B1C1 +A0B0 +A0B1 +A1B0 -A1B1 +A0C0 +A0C1 +A1C0 -A1C1 -B0C0 -B0C1 -B1C0 +B1C1 +2A0 -2B0 -2C0 <= 6
2A0B0C0 +A0B0C1 +A0B1C0 +2A0B1C1 +A1B0C0 +2A1B0C1 -2A1B1C0 -A1B1C1 +A0B0 +A0B1 +A1B0 -A1B1 +A0C0 -A0C1 +A1C0 -A1C1 -B0C0 +B0C1 +B1C0 -B1C1 -2C1 <= 6
2A0B0C0 +2A0B0C1 +A0B1C0 +A0B1C1 +A1B0C0 -A1B0C1 -2A1B1C0 +2A1B1C1 +2A0B0 +2A0B1 +A0C0 +A0C1 -A1C0 +A1C1 +B0C0 +B0C1 -B1C0 -B1C1 -2B1 -2C0 -2C1 <= 6
3A0B0C0 +2A0B0C1 +A0B1C0 -A0B1C1 +A1B0C1 +2A1B1C0 -2A1B1C1 +A0B0 -A1B0 +A0C1 -A1C1 -B0C0 -B0C1 -B1C0 +B1C1 +A0 +A1 <= 6
2A0B0C0 +2A0B0C1 +A0B1C0 +A0B1C1 +A1B0C0 -A1B0C1 +2A1B1C0 -2A1B1C1 +2A0B0 -2A0B1 +A0C0 +A0C1 +A1C0 -A1C1 -B0C0 -B0C1 +B1C0 +B1C1 -2B1 <= 6
A0B0C0 +A0B0C1 +A0B1C0 +A0B1C1 +A1B0C0 -A1B0C1 -A1B1C0 +A1B1C1 +2B0C0 -2B1C1 <= 4
A0B0C0 +A0B0C1 +A0B1C0 +A0B1C1 +A1B0C0 -A1B0C1 -A1B1C0 +A1B1C1 +A0B0 +A0B1 +A1C0 -A1C1 -B0C0 -B0C1 +B1C0 +B1C1 -B0 +B1 -C0 -C1 <= 4
A0B0C0 +A0B0C1 +A0B1C0 +A0B1C1 +A1B0C0 +A1B0C1 -A1B1C0 -A1B1C1 +2A0C0 -2A0C1 <= 4
A0B0C0 +A0B0C1 +A0B1C0 +A0B1C1 +A1B0C0 +A1B0C1 -A1B1C0 -A1B1C1 +A0B0 +A0B1 +A1B0 -A1B1 +A0C0 -A0C1 +A1C0 -A1C1 -B0C0 +B0C1 -C0 -C1 <= 4
4A0B0C0 +3A0B0C1 +2A0B1C0 +A0B1C1 +A1B0C0 -3A1B0C1 -2A1B1C0 +4A1B1C1 +A0B0 +A0B1 -2A1B0 +2A1B1 +2A0C0 +2A0C1 +A1C0 -A1C1 +B0C0 -2B0C1 +2B1C0 -B1C1 -3B0 -B1 +C0 -3C1 <= 10
3A0B0C0 +2A0B0C1 +2A0B1C0 -2A0B1C1 +A1B0C0 +2A1B0C1 +2A1B1C0 -2A1B1C1 +A0B0 -2A0B1 -A1B0 +2A1B1 +A0C0 -2A0C1 -A1C0 +2A1C1 +2B0C0 +2B0C1 +2B1C0 -2B1C1 -3A0 -A1 <= 8
3A0B0C0 +2A0B0C1 +A0B1C0 +2A0B1C1 +A1B0C0 -2A1B0C1 +3A1B1C0 -2A1B1C1 +A0B0 -A0B1 -A1B0 +A1B1 +2A0C0 +2A0C1 +2A1C0 -2A1C1 -2B0C1 +2B1C1 -2B0 -2B1 <= 8
