Equations:
p(000|111) +p(001|111) +p(010|111) +p(011|111) +p(100|111) +p(101|111) +p(110|111) +p(111|111) = 1
p(110|110) +p(111|110) -p(110|111) -p(111|111) = 0
p(101|101) +p(111|101) -p(101|111) -p(111|111) = 0
p(100|110) +p(101|110) -p(100|111) -p(101|111) = 0
p(011|011) +p(111|011) -p(011|111) -p(111|111) = 0
p(010|110) +p(011|110) -p(010|111) -p(011|111) = 0
p(001|101) +p(011|101) -p(001|111) -p(011|111) = 0
p(000|110) +p(001|110) +p(010|111) +p(011|111) +p(100|111) +p(101|111) +p(110|111) +p(111|111) = 1
p(100|101) +p(110|101) -p(100|111) -p(110|111) = 0
p(101|100) +p(111|100) -p(101|110) -p(111|110) = 0
p(010|011) +p(110|011) -p(010|111) -p(110|111) = 0
p(011|010) +p(111|010) -p(011|110) -p(111|110) = 0
p(000|101) +p(010|101) +p(001|111) +p(011|111) +p(100|111) +p(101|111) +p(110|111) +p(111|111) = 1
p(001|100) +p(011|100) -p(001|110) -p(011|110) = 0
p(110|100) +p(111|100) -p(110|101) -p(111|101) = 0
p(001|011) +p(101|011) -p(001|111) -p(101|111) = 0
p(100|100) -p(111|100) +p(110|101) +p(111|101) +p(101|110) +p(111|110) -p(100|111) -p(101|111) -p(110|111) -p(111|111) = 0
p(011|001) +p(111|001) -p(011|101) -p(111|101) = 0
p(010|100) +p(011|100) -p(010|101) -p(011|101) = 0
p(000|100) -p(011|100) +p(010|101) +p(011|101) +p(001|110) +p(011|110) +p(100|111) +p(101|111) +p(110|111) +p(111|111) = 1
p(000|011) +p(100|011) +p(001|111) +p(010|111) +p(011|111) +p(101|111) +p(110|111) +p(111|111) = 1
p(001|010) +p(101|010) -p(001|110) -p(101|110) = 0
p(010|001) +p(110|001) -p(010|101) -p(110|101) = 0
p(011|000) +p(111|000) -p(011|100) -p(111|100) = 0
p(110|010) +p(111|010) -p(110|011) -p(111|011) = 0
p(101|001) +p(111|001) -p(101|011) -p(111|011) = 0
p(100|010) +p(101|010) -p(100|011) -p(101|011) = 0
p(010|010) -p(111|010) +p(110|011) +p(111|011) +p(011|110) +p(111|110) -p(010|111) -p(011|111) -p(110|111) -p(111|111) = 0
p(001|001) -p(111|001) +p(101|011) +p(111|011) +p(011|101) +p(111|101) -p(001|111) -p(011|111) -p(101|111) -p(111|111) = 0
p(000|010) -p(101|010) +p(100|011) +p(101|011) +p(001|110) +p(101|110) +p(010|111) +p(011|111) +p(110|111) +p(111|111) = 1
p(100|001) +p(110|001) -p(100|011) -p(110|011) = 0
p(101|000) +p(111|000) -p(101|010) -p(111|010) = 0
p(000|001) -p(110|001) +p(100|011) +p(110|011) +p(010|101) +p(110|101) +p(001|111) +p(011|111) +p(101|111) +p(111|111) = 1
p(001|000) -p(111|000) +p(101|010) +p(111|010) +p(011|100) +p(111|100) -p(001|110) -p(011|110) -p(101|110) -p(111|110) = 0
p(110|000) +p(111|000) -p(110|001) -p(111|001) = 0
p(100|000) -p(111|000) +p(110|001) +p(111|001) +p(101|010) +p(111|010) -p(100|011) -p(101|011) -p(110|011) -p(111|011) = 0
p(010|000) -p(111|000) +p(110|001) +p(111|001) +p(011|100) +p(111|100) -p(010|101) -p(011|101) -p(110|101) -p(111|101) = 0
p(000|000) +p(111|000) -p(110|001) -p(111|001) -p(101|010) -p(111|010) +p(100|011) +p(101|011) +p(110|011) +p(111|011) -p(011|100) -p(111|100) +p(010|101) +p(011|101) +p(110|101) +p(111|101) +p(001|110) +p(011|110) +p(101|110) +p(111|110) = 1

Reduced Inequalities:
p(111|000) -p(011|100) -p(111|100) <= 0
2p(111|000) -p(110|001) -p(111|001) -p(101|010) -p(111|010) +p(100|011) +p(111|011) -p(011|100) -p(111|100) +p(010|101) +p(111|101) +p(011|110) +p(101|110) +p(001|111) +p(110|111) <= 1
2p(111|000) -p(111|001) -p(101|010) -p(111|010) +p(101|011) -p(011|100) -p(111|100) +p(011|101) +p(011|110) +p(101|110) -p(001|111) -p(010|111) -p(011|111) -p(100|111) -p(101|111) <= 0
2p(111|000) -p(111|001) -p(111|010) +p(101|011) +p(110|011) -2p(111|100) -p(010|101) +p(111|101) -p(001|110) +p(111|110) -p(001|111) -p(010|111) -p(101|111) -p(110|111) -p(111|111) <= 0
p(111|000) -p(111|010) -p(111|100) -p(001|110) <= 0
p(111|000) -p(111|011) -p(111|100) -p(001|110) -p(010|111) <= 0
2p(111|000) -p(111|001) -2p(111|010) -p(100|011) +p(110|011) +p(111|011) -p(011|100) -p(111|100) +p(011|101) +p(011|110) +p(111|110) -p(001|111) -p(010|111) -p(011|111) -p(110|111) -p(111|111) <= 0
p(111|000) -p(111|011) -p(111|100) -p(010|101) -p(001|110) <= 0
2p(111|000) -p(111|001) -p(111|010) -p(100|011) +p(101|011) -p(011|100) -p(111|100) +p(011|101) -p(001|110) +p(011|110) -p(001|111) -p(010|111) -p(011|111) -p(101|111) <= 0
2p(111|000) -2p(111|001) -p(101|010) -p(111|010) +p(101|011) +p(111|011) -p(011|100) -p(111|100) +p(011|101) +p(111|101) +p(001|110) +p(011|110) +p(101|110) +p(110|111) <= 1
3p(111|000) -2p(111|001) -2p(111|010) -2p(100|011) +p(111|011) -p(011|100) -p(111|100) +p(011|101) +p(011|110) -p(001|111) -p(010|111) -p(011|111) -p(111|111) <= 0
2p(111|000) -p(111|001) -p(111|010) -p(011|100) -p(111|100) +p(011|101) -p(001|110) +p(011|110) -p(001|111) -p(010|111) -p(011|111) -p(100|111) <= 0
2p(111|000) -2p(111|001) -p(101|010) -p(111|010) +p(101|011) +p(111|011) -p(011|100) -p(111|100) +p(011|101) +p(111|101) +p(001|110) +p(111|110) +p(010|111) +p(100|111) <= 1
2p(111|000) +p(110|001) -p(111|001) -p(111|010) -p(100|011) +p(101|011) -p(011|100) -p(111|100) +p(011|101) -p(110|101) -p(001|110) +p(011|110) -p(001|111) -2p(010|111) -p(011|111) -p(101|111) <= 0
2p(111|000) -p(111|001) -p(111|010) -p(100|011) -p(011|100) -p(111|100) +p(011|101) +p(011|110) -p(001|111) -p(010|111) -p(011|111) <= 0
2p(111|000) +p(110|001) -p(111|001) -p(111|010) -p(100|011) +p(101|011) -2p(111|100) -2p(010|101) +p(111|101) -p(001|110) +p(111|110) -p(001|111) -p(101|111) -p(110|111) -p(111|111) <= 0
p(111|000) -p(111|010) -p(111|100) -p(011|101) +p(110|101) +p(111|110) +p(001|111) +p(010|111) +p(011|111) +p(101|111) <= 1
p(111|000) +p(110|001) -p(110|011) -p(111|011) -p(111|100) -p(010|101) -p(001|110) -p(100|111) <= 0
p(111|000) +p(110|001) -p(111|010) -p(100|011) -p(111|100) -p(010|101) -p(001|111) -p(110|111) <= 0
2p(111|000) -p(111|001) -p(111|010) -p(111|100) -p(010|101) -p(001|110) -p(100|111) <= 0
2p(111|000) -p(111|001) -p(111|010) -p(100|011) -p(111|100) -p(010|101) -p(001|110) <= 0
p(111|000) -p(111|011) -p(111|100) -p(010|101) +p(111|101) -p(001|110) +p(111|110) -p(101|111) -p(110|111) -p(111|111) <= 0
p(111|000) -p(111|011) -p(110|101) -p(001|110) -p(010|111) -p(101|111) <= 0
p(111|000) -p(111|010) -p(101|011) +p(110|011) -p(111|100) -p(010|101) +p(111|101) +p(111|110) -p(010|111) -p(101|111) -p(110|111) -p(111|111) <= 0
2p(111|000) -p(101|010) -p(111|010) +p(100|011) -p(101|011) -p(011|100) -p(111|100) -p(110|101) +p(111|101) +p(101|110) +p(001|111) +p(010|111) +p(011|111) +p(110|111) <= 1
3p(111|000) -p(110|001) -p(111|001) -p(101|010) -2p(111|010) +p(100|011) +p(111|011) -p(011|100) -2p(111|100) +p(010|101) +p(111|101) +p(011|110) +p(101|110) +2p(001|111) +p(010|111) +p(011|111) +p(100|111) +p(101|111) +2p(110|111) +p(111|111) <= 2
2p(111|000) +p(110|001) -p(111|001) -p(111|010) -p(110|011) -p(111|100) -p(010|101) -2p(001|110) -2p(100|111) <= 0
2p(111|000) -p(111|001) -p(111|010) +p(101|011) +p(110|011) -p(011|100) -2p(111|100) -p(010|101) +p(011|101) -p(001|110) +p(011|110) -p(001|111) -p(010|111) -p(011|111) -p(101|111) -p(110|111) <= 0
2p(111|000) -p(111|001) -p(111|010) +p(101|011) +p(110|011) -p(011|100) -2p(111|100) +2p(111|101) +2p(111|110) +p(011|111) +p(100|111) -p(101|111) -p(110|111) -p(111|111) <= 1
4p(111|000) -3p(111|001) -p(101|010) -2p(111|010) -p(100|011) +p(101|011) +p(111|011) -p(011|100) -2p(111|100) -p(010|101) +p(011|101) +p(111|101) +p(011|110) +p(101|110) -p(001|111) -p(010|111) -p(011|111) -p(100|111) -p(101|111) -p(111|111) <= 0
3p(111|000) -p(110|001) -2p(111|001) -p(101|010) -2p(111|010) +p(101|011) +p(110|011) +p(111|011) -p(011|100) -2p(111|100) +p(011|101) +p(110|101) +p(111|101) +p(011|110) +p(101|110) +p(111|110) -p(001|111) -p(010|111) -p(011|111) -p(100|111) -p(101|111) -p(110|111) -p(111|111) <= 0
3p(111|000) -2p(111|001) -p(101|010) -2p(111|010) +p(101|011) +p(110|011) +p(111|011) -p(011|100) -2p(111|100) +p(011|101) +p(111|101) -p(001|110) +p(011|110) +p(101|110) +p(111|110) -p(001|111) -2p(010|111) -p(011|111) -p(100|111) -p(101|111) -p(110|111) -p(111|111) <= 0
3p(111|000) -p(110|001) -2p(111|001) -p(101|010) -2p(111|010) +2p(101|011) +p(110|011) +p(111|011) -p(011|100) -2p(111|100) +2p(011|101) +p(110|101) +p(111|101) -p(001|110) +p(011|110) +p(101|110) +p(111|110) -2p(001|111) -p(010|111) -2p(011|111) -p(100|111) -2p(101|111) -p(110|111) -p(111|111) <= 0
4p(111|000) -3p(111|001) -p(101|010) -2p(111|010) +p(101|011) +p(111|011) -p(011|100) -2p(111|100) -2p(010|101) +p(011|101) +p(111|101) +p(011|110) +p(101|110) -p(001|111) -p(010|111) -p(011|111) -2p(100|111) -p(101|111) -p(111|111) <= 0
4p(111|000) -p(110|001) -2p(111|001) -p(101|010) -2p(111|010) +2p(101|011) +p(110|011) -2p(011|100) -3p(111|100) +2p(011|101) +p(110|101) +p(111|101) -p(001|110) +2p(011|110) +p(101|110) +p(111|110) -2p(001|111) -2p(010|111) -2p(011|111) -p(100|111) -2p(101|111) -p(110|111) -p(111|111) <= 0
p(111|000) +p(110|001) -p(111|010) -p(100|011) -p(111|100) -p(010|101) -p(011|101) +p(111|101) +p(111|110) -p(101|111) -p(110|111) -p(111|111) <= 0
p(111|000) +p(110|001) -p(111|010) -p(100|011) -p(111|100) -p(010|101) +p(111|110) -p(001|111) -p(110|111) -p(111|111) <= 0
2p(111|000) +p(110|001) -p(111|001) -p(111|010) -p(100|011) -p(011|100) -2p(111|100) -p(010|101) +2p(111|101) +2p(111|110) -2p(101|111) -2p(110|111) -2p(111|111) <= 0
3p(111|000) -2p(111|001) -p(101|010) -p(111|010) +p(101|011) -p(011|100) -2p(111|100) -p(010|101) +p(011|101) +p(111|101) +p(011|110) +p(101|110) -p(001|111) -p(010|111) -p(011|111) -p(100|111) -p(101|111) -p(111|111) <= 0
2p(111|000) +p(110|001) -p(111|001) -p(111|010) -p(100|011) +p(101|011) -p(011|100) -2p(111|100) -p(010|101) +2p(111|101) +2p(111|110) -p(001|111) -2p(101|111) -2p(110|111) -2p(111|111) <= 0
2p(111|000) +p(110|001) -p(111|001) -p(111|010) -p(100|011) +p(101|011) -2p(111|100) -2p(010|101) +p(111|101) +p(111|110) -2p(001|111) -p(101|111) -p(110|111) -p(111|111) <= 0
4p(111|000) -2p(111|001) -3p(111|010) +p(111|011) -p(011|100) -2p(111|100) +p(011|101) +p(110|101) -3p(001|110) +p(011|110) +p(111|110) -p(001|111) -p(010|111) -p(011|111) -3p(100|111) -p(110|111) -p(111|111) <= 0
2p(111|000) +p(110|001) -p(111|001) +p(101|010) -p(111|010) -p(100|011) +p(101|011) -p(011|100) -3p(111|100) -p(010|101) +3p(111|101) -p(001|110) +3p(111|110) -p(001|111) -3p(101|111) -3p(110|111) -3p(111|111) <= 0
2p(111|000) +p(110|001) -p(111|001) +p(101|010) -p(111|010) -p(100|011) +p(101|011) -2p(111|100) -3p(010|101) +p(111|101) -p(101|110) +p(111|110) -3p(001|111) -p(101|111) -p(110|111) -p(111|111) <= 0
3p(111|000) -p(111|001) -2p(111|010) -p(110|011) +p(111|011) -2p(111|100) -p(110|101) +p(111|101) -3p(001|110) +p(111|110) -p(011|111) -p(101|111) -p(110|111) -p(111|111) <= 0
3p(111|000) -p(111|001) -2p(111|010) -p(110|011) +p(111|011) -p(011|100) -2p(111|100) +p(010|101) -p(110|101) +p(111|101) -2p(001|110) +p(011|110) +p(111|110) +p(001|111) +p(100|111) <= 1
